{"C:\\Users\\DAVID\\repo\\agoraargentina.org\\controller\\informesController.js": {"path":"C:\\Users\\DAVID\\repo\\agoraargentina.org\\controller\\informesController.js","statementMap":{"0":{"start":{"line":1,"column":15},"end":{"line":1,"column":44}},"1":{"start":{"line":2,"column":32},"end":{"line":2,"column":66}},"2":{"start":{"line":4,"column":27},"end":{"line":191,"column":1}},"3":{"start":{"line":8,"column":8},"end":{"line":24,"column":9}},"4":{"start":{"line":9,"column":29},"end":{"line":11,"column":22}},"5":{"start":{"line":12,"column":29},"end":{"line":12,"column":86}},"6":{"start":{"line":12,"column":55},"end":{"line":12,"column":84}},"7":{"start":{"line":14,"column":12},"end":{"line":20,"column":15}},"8":{"start":{"line":22,"column":12},"end":{"line":22,"column":68}},"9":{"start":{"line":23,"column":12},"end":{"line":23,"column":102}},"10":{"start":{"line":29,"column":8},"end":{"line":32,"column":11}},"11":{"start":{"line":37,"column":8},"end":{"line":56,"column":9}},"12":{"start":{"line":38,"column":26},"end":{"line":38,"column":49}},"13":{"start":{"line":40,"column":12},"end":{"line":42,"column":13}},"14":{"start":{"line":41,"column":16},"end":{"line":41,"column":92}},"15":{"start":{"line":44,"column":24},"end":{"line":48,"column":14}},"16":{"start":{"line":50,"column":12},"end":{"line":50,"column":71}},"17":{"start":{"line":51,"column":12},"end":{"line":51,"column":52}},"18":{"start":{"line":54,"column":12},"end":{"line":54,"column":68}},"19":{"start":{"line":55,"column":12},"end":{"line":55,"column":101}},"20":{"start":{"line":61,"column":8},"end":{"line":89,"column":9}},"21":{"start":{"line":62,"column":27},"end":{"line":62,"column":37}},"22":{"start":{"line":63,"column":12},"end":{"line":63,"column":70}},"23":{"start":{"line":65,"column":24},"end":{"line":65,"column":69}},"24":{"start":{"line":67,"column":12},"end":{"line":70,"column":13}},"25":{"start":{"line":68,"column":16},"end":{"line":68,"column":77}},"26":{"start":{"line":69,"column":16},"end":{"line":69,"column":107}},"27":{"start":{"line":72,"column":28},"end":{"line":72,"column":38}},"28":{"start":{"line":74,"column":12},"end":{"line":85,"column":15}},"29":{"start":{"line":81,"column":39},"end":{"line":81,"column":54}},"30":{"start":{"line":87,"column":12},"end":{"line":87,"column":67}},"31":{"start":{"line":88,"column":12},"end":{"line":88,"column":100}},"32":{"start":{"line":95,"column":8},"end":{"line":120,"column":9}},"33":{"start":{"line":96,"column":27},"end":{"line":96,"column":37}},"34":{"start":{"line":97,"column":12},"end":{"line":97,"column":68}},"35":{"start":{"line":98,"column":12},"end":{"line":98,"column":76}},"36":{"start":{"line":99,"column":12},"end":{"line":99,"column":82}},"37":{"start":{"line":101,"column":24},"end":{"line":101,"column":69}},"38":{"start":{"line":102,"column":12},"end":{"line":105,"column":13}},"39":{"start":{"line":103,"column":16},"end":{"line":103,"column":79}},"40":{"start":{"line":104,"column":16},"end":{"line":104,"column":107}},"41":{"start":{"line":107,"column":26},"end":{"line":107,"column":49}},"42":{"start":{"line":109,"column":12},"end":{"line":112,"column":15}},"43":{"start":{"line":114,"column":12},"end":{"line":114,"column":78}},"44":{"start":{"line":115,"column":12},"end":{"line":115,"column":52}},"45":{"start":{"line":118,"column":12},"end":{"line":118,"column":69}},"46":{"start":{"line":119,"column":12},"end":{"line":119,"column":104}},"47":{"start":{"line":125,"column":8},"end":{"line":137,"column":9}},"48":{"start":{"line":126,"column":27},"end":{"line":126,"column":37}},"49":{"start":{"line":127,"column":12},"end":{"line":127,"column":66}},"50":{"start":{"line":129,"column":12},"end":{"line":129,"column":61}},"51":{"start":{"line":131,"column":12},"end":{"line":131,"column":62}},"52":{"start":{"line":132,"column":12},"end":{"line":132,"column":52}},"53":{"start":{"line":135,"column":12},"end":{"line":135,"column":69}},"54":{"start":{"line":136,"column":12},"end":{"line":136,"column":102}},"55":{"start":{"line":142,"column":8},"end":{"line":189,"column":9}},"56":{"start":{"line":143,"column":27},"end":{"line":143,"column":37}},"57":{"start":{"line":144,"column":12},"end":{"line":144,"column":78}},"58":{"start":{"line":146,"column":24},"end":{"line":146,"column":69}},"59":{"start":{"line":147,"column":12},"end":{"line":147,"column":120}},"60":{"start":{"line":147,"column":29},"end":{"line":147,"column":120}},"61":{"start":{"line":150,"column":24},"end":{"line":150,"column":34}},"62":{"start":{"line":151,"column":26},"end":{"line":156,"column":15}},"63":{"start":{"line":152,"column":16},"end":{"line":154,"column":17}},"64":{"start":{"line":153,"column":20},"end":{"line":153,"column":70}},"65":{"start":{"line":155,"column":16},"end":{"line":155,"column":29}},"66":{"start":{"line":157,"column":12},"end":{"line":157,"column":26}},"67":{"start":{"line":160,"column":12},"end":{"line":184,"column":15}},"68":{"start":{"line":161,"column":16},"end":{"line":164,"column":17}},"69":{"start":{"line":162,"column":20},"end":{"line":162,"column":108}},"70":{"start":{"line":163,"column":20},"end":{"line":163,"column":112}},"71":{"start":{"line":166,"column":16},"end":{"line":183,"column":17}},"72":{"start":{"line":167,"column":35},"end":{"line":167,"column":84}},"73":{"start":{"line":169,"column":42},"end":{"line":174,"column":57}},"74":{"start":{"line":176,"column":20},"end":{"line":176,"column":84}},"75":{"start":{"line":177,"column":20},"end":{"line":177,"column":69}},"76":{"start":{"line":178,"column":20},"end":{"line":178,"column":100}},"77":{"start":{"line":179,"column":20},"end":{"line":179,"column":37}},"78":{"start":{"line":181,"column":20},"end":{"line":181,"column":126}},"79":{"start":{"line":182,"column":20},"end":{"line":182,"column":105}},"80":{"start":{"line":187,"column":12},"end":{"line":187,"column":81}},"81":{"start":{"line":188,"column":12},"end":{"line":188,"column":104}},"82":{"start":{"line":207,"column":8},"end":{"line":207,"column":12}},"83":{"start":{"line":209,"column":19},"end":{"line":209,"column":21}},"84":{"start":{"line":210,"column":12},"end":{"line":210,"column":13}},"85":{"start":{"line":211,"column":4},"end":{"line":214,"column":5}},"86":{"start":{"line":212,"column":8},"end":{"line":212,"column":46}},"87":{"start":{"line":213,"column":8},"end":{"line":213,"column":12}},"88":{"start":{"line":216,"column":29},"end":{"line":216,"column":31}},"89":{"start":{"line":217,"column":4},"end":{"line":221,"column":5}},"90":{"start":{"line":218,"column":8},"end":{"line":218,"column":76}},"91":{"start":{"line":220,"column":8},"end":{"line":220,"column":85}},"92":{"start":{"line":223,"column":4},"end":{"line":249,"column":6}},"93":{"start":{"line":252,"column":0},"end":{"line":252,"column":36}}},"fnMap":{"0":{"name":"(anonymous_0)","decl":{"start":{"line":7,"column":11},"end":{"line":7,"column":12}},"loc":{"start":{"line":7,"column":31},"end":{"line":25,"column":5}},"line":7},"1":{"name":"(anonymous_1)","decl":{"start":{"line":12,"column":47},"end":{"line":12,"column":48}},"loc":{"start":{"line":12,"column":55},"end":{"line":12,"column":84}},"line":12},"2":{"name":"(anonymous_2)","decl":{"start":{"line":28,"column":12},"end":{"line":28,"column":13}},"loc":{"start":{"line":28,"column":26},"end":{"line":33,"column":5}},"line":28},"3":{"name":"(anonymous_3)","decl":{"start":{"line":36,"column":11},"end":{"line":36,"column":12}},"loc":{"start":{"line":36,"column":31},"end":{"line":57,"column":5}},"line":36},"4":{"name":"(anonymous_4)","decl":{"start":{"line":60,"column":10},"end":{"line":60,"column":11}},"loc":{"start":{"line":60,"column":30},"end":{"line":90,"column":5}},"line":60},"5":{"name":"(anonymous_5)","decl":{"start":{"line":81,"column":29},"end":{"line":81,"column":30}},"loc":{"start":{"line":81,"column":39},"end":{"line":81,"column":54}},"line":81},"6":{"name":"(anonymous_6)","decl":{"start":{"line":94,"column":12},"end":{"line":94,"column":13}},"loc":{"start":{"line":94,"column":32},"end":{"line":121,"column":5}},"line":94},"7":{"name":"(anonymous_7)","decl":{"start":{"line":124,"column":12},"end":{"line":124,"column":13}},"loc":{"start":{"line":124,"column":32},"end":{"line":138,"column":5}},"line":124},"8":{"name":"(anonymous_8)","decl":{"start":{"line":141,"column":16},"end":{"line":141,"column":17}},"loc":{"start":{"line":141,"column":36},"end":{"line":190,"column":5}},"line":141},"9":{"name":"(anonymous_9)","decl":{"start":{"line":151,"column":57},"end":{"line":151,"column":58}},"loc":{"start":{"line":151,"column":73},"end":{"line":156,"column":13}},"line":151},"10":{"name":"(anonymous_10)","decl":{"start":{"line":160,"column":57},"end":{"line":160,"column":58}},"loc":{"start":{"line":160,"column":84},"end":{"line":184,"column":13}},"line":160},"11":{"name":"_extraerDatos","decl":{"start":{"line":196,"column":9},"end":{"line":196,"column":22}},"loc":{"start":{"line":196,"column":29},"end":{"line":250,"column":1}},"line":196}},"branchMap":{"0":{"loc":{"start":{"line":18,"column":25},"end":{"line":18,"column":50}},"type":"binary-expr","locations":[{"start":{"line":18,"column":25},"end":{"line":18,"column":40}},{"start":{"line":18,"column":46},"end":{"line":18,"column":50}}],"line":18},"1":{"loc":{"start":{"line":19,"column":25},"end":{"line":19,"column":50}},"type":"binary-expr","locations":[{"start":{"line":19,"column":25},"end":{"line":19,"column":42}},{"start":{"line":19,"column":46},"end":{"line":19,"column":50}}],"line":19},"2":{"loc":{"start":{"line":40,"column":12},"end":{"line":42,"column":13}},"type":"if","locations":[{"start":{"line":40,"column":12},"end":{"line":42,"column":13}},{"start":{},"end":{}}],"line":40},"3":{"loc":{"start":{"line":40,"column":16},"end":{"line":40,"column":59}},"type":"binary-expr","locations":[{"start":{"line":40,"column":16},"end":{"line":40,"column":29}},{"start":{"line":40,"column":33},"end":{"line":40,"column":59}}],"line":40},"4":{"loc":{"start":{"line":67,"column":12},"end":{"line":70,"column":13}},"type":"if","locations":[{"start":{"line":67,"column":12},"end":{"line":70,"column":13}},{"start":{},"end":{}}],"line":67},"5":{"loc":{"start":{"line":80,"column":33},"end":{"line":80,"column":53}},"type":"binary-expr","locations":[{"start":{"line":80,"column":33},"end":{"line":80,"column":47}},{"start":{"line":80,"column":51},"end":{"line":80,"column":53}}],"line":80},"6":{"loc":{"start":{"line":83,"column":54},"end":{"line":83,"column":81}},"type":"binary-expr","locations":[{"start":{"line":83,"column":54},"end":{"line":83,"column":75}},{"start":{"line":83,"column":79},"end":{"line":83,"column":81}}],"line":83},"7":{"loc":{"start":{"line":102,"column":12},"end":{"line":105,"column":13}},"type":"if","locations":[{"start":{"line":102,"column":12},"end":{"line":105,"column":13}},{"start":{},"end":{}}],"line":102},"8":{"loc":{"start":{"line":147,"column":12},"end":{"line":147,"column":120}},"type":"if","locations":[{"start":{"line":147,"column":12},"end":{"line":147,"column":120}},{"start":{},"end":{}}],"line":147},"9":{"loc":{"start":{"line":152,"column":16},"end":{"line":154,"column":17}},"type":"if","locations":[{"start":{"line":152,"column":16},"end":{"line":154,"column":17}},{"start":{},"end":{}}],"line":152},"10":{"loc":{"start":{"line":152,"column":20},"end":{"line":152,"column":92}},"type":"binary-expr","locations":[{"start":{"line":152,"column":20},"end":{"line":152,"column":25}},{"start":{"line":152,"column":29},"end":{"line":152,"column":54}},{"start":{"line":152,"column":58},"end":{"line":152,"column":92}}],"line":152},"11":{"loc":{"start":{"line":161,"column":16},"end":{"line":164,"column":17}},"type":"if","locations":[{"start":{"line":161,"column":16},"end":{"line":164,"column":17}},{"start":{},"end":{}}],"line":161},"12":{"loc":{"start":{"line":169,"column":54},"end":{"line":169,"column":81}},"type":"binary-expr","locations":[{"start":{"line":169,"column":54},"end":{"line":169,"column":66}},{"start":{"line":169,"column":70},"end":{"line":169,"column":81}}],"line":169},"13":{"loc":{"start":{"line":181,"column":94},"end":{"line":181,"column":124}},"type":"cond-expr","locations":[{"start":{"line":181,"column":111},"end":{"line":181,"column":120}},{"start":{"line":181,"column":123},"end":{"line":181,"column":124}}],"line":181},"14":{"loc":{"start":{"line":181,"column":94},"end":{"line":181,"column":108}},"type":"binary-expr","locations":[{"start":{"line":181,"column":94},"end":{"line":181,"column":95}},{"start":{"line":181,"column":99},"end":{"line":181,"column":108}}],"line":181},"15":{"loc":{"start":{"line":212,"column":20},"end":{"line":212,"column":44}},"type":"binary-expr","locations":[{"start":{"line":212,"column":20},"end":{"line":212,"column":38}},{"start":{"line":212,"column":42},"end":{"line":212,"column":44}}],"line":212},"16":{"loc":{"start":{"line":218,"column":29},"end":{"line":218,"column":75}},"type":"cond-expr","locations":[{"start":{"line":218,"column":45},"end":{"line":218,"column":70}},{"start":{"line":218,"column":73},"end":{"line":218,"column":75}}],"line":218},"17":{"loc":{"start":{"line":224,"column":25},"end":{"line":224,"column":46}},"type":"binary-expr","locations":[{"start":{"line":224,"column":25},"end":{"line":224,"column":31}},{"start":{"line":224,"column":44},"end":{"line":224,"column":46}}],"line":224},"18":{"loc":{"start":{"line":225,"column":25},"end":{"line":225,"column":46}},"type":"binary-expr","locations":[{"start":{"line":225,"column":25},"end":{"line":225,"column":33}},{"start":{"line":225,"column":44},"end":{"line":225,"column":46}}],"line":225},"19":{"loc":{"start":{"line":226,"column":25},"end":{"line":226,"column":46}},"type":"binary-expr","locations":[{"start":{"line":226,"column":25},"end":{"line":226,"column":34}},{"start":{"line":226,"column":44},"end":{"line":226,"column":46}}],"line":226},"20":{"loc":{"start":{"line":227,"column":25},"end":{"line":227,"column":46}},"type":"binary-expr","locations":[{"start":{"line":227,"column":25},"end":{"line":227,"column":37}},{"start":{"line":227,"column":44},"end":{"line":227,"column":46}}],"line":227},"21":{"loc":{"start":{"line":228,"column":25},"end":{"line":228,"column":46}},"type":"binary-expr","locations":[{"start":{"line":228,"column":25},"end":{"line":228,"column":34}},{"start":{"line":228,"column":44},"end":{"line":228,"column":46}}],"line":228},"22":{"loc":{"start":{"line":229,"column":25},"end":{"line":229,"column":46}},"type":"binary-expr","locations":[{"start":{"line":229,"column":25},"end":{"line":229,"column":36}},{"start":{"line":229,"column":44},"end":{"line":229,"column":46}}],"line":229},"23":{"loc":{"start":{"line":230,"column":25},"end":{"line":230,"column":46}},"type":"binary-expr","locations":[{"start":{"line":230,"column":25},"end":{"line":230,"column":37}},{"start":{"line":230,"column":44},"end":{"line":230,"column":46}}],"line":230},"24":{"loc":{"start":{"line":231,"column":25},"end":{"line":231,"column":46}},"type":"binary-expr","locations":[{"start":{"line":231,"column":25},"end":{"line":231,"column":32}},{"start":{"line":231,"column":44},"end":{"line":231,"column":46}}],"line":231},"25":{"loc":{"start":{"line":232,"column":25},"end":{"line":232,"column":46}},"type":"binary-expr","locations":[{"start":{"line":232,"column":25},"end":{"line":232,"column":32}},{"start":{"line":232,"column":44},"end":{"line":232,"column":46}}],"line":232},"26":{"loc":{"start":{"line":233,"column":25},"end":{"line":233,"column":46}},"type":"binary-expr","locations":[{"start":{"line":233,"column":25},"end":{"line":233,"column":36}},{"start":{"line":233,"column":44},"end":{"line":233,"column":46}}],"line":233},"27":{"loc":{"start":{"line":234,"column":25},"end":{"line":234,"column":46}},"type":"binary-expr","locations":[{"start":{"line":234,"column":25},"end":{"line":234,"column":33}},{"start":{"line":234,"column":44},"end":{"line":234,"column":46}}],"line":234},"28":{"loc":{"start":{"line":235,"column":25},"end":{"line":235,"column":46}},"type":"binary-expr","locations":[{"start":{"line":235,"column":25},"end":{"line":235,"column":33}},{"start":{"line":235,"column":44},"end":{"line":235,"column":46}}],"line":235},"29":{"loc":{"start":{"line":236,"column":25},"end":{"line":236,"column":46}},"type":"binary-expr","locations":[{"start":{"line":236,"column":25},"end":{"line":236,"column":34}},{"start":{"line":236,"column":44},"end":{"line":236,"column":46}}],"line":236},"30":{"loc":{"start":{"line":237,"column":25},"end":{"line":237,"column":46}},"type":"binary-expr","locations":[{"start":{"line":237,"column":25},"end":{"line":237,"column":36}},{"start":{"line":237,"column":44},"end":{"line":237,"column":46}}],"line":237},"31":{"loc":{"start":{"line":238,"column":25},"end":{"line":238,"column":46}},"type":"binary-expr","locations":[{"start":{"line":238,"column":25},"end":{"line":238,"column":40}},{"start":{"line":238,"column":44},"end":{"line":238,"column":46}}],"line":238},"32":{"loc":{"start":{"line":239,"column":25},"end":{"line":239,"column":46}},"type":"binary-expr","locations":[{"start":{"line":239,"column":25},"end":{"line":239,"column":32}},{"start":{"line":239,"column":44},"end":{"line":239,"column":46}}],"line":239},"33":{"loc":{"start":{"line":241,"column":25},"end":{"line":241,"column":46}},"type":"binary-expr","locations":[{"start":{"line":241,"column":25},"end":{"line":241,"column":36}},{"start":{"line":241,"column":44},"end":{"line":241,"column":46}}],"line":241},"34":{"loc":{"start":{"line":242,"column":25},"end":{"line":242,"column":46}},"type":"binary-expr","locations":[{"start":{"line":242,"column":25},"end":{"line":242,"column":37}},{"start":{"line":242,"column":44},"end":{"line":242,"column":46}}],"line":242},"35":{"loc":{"start":{"line":243,"column":25},"end":{"line":243,"column":46}},"type":"binary-expr","locations":[{"start":{"line":243,"column":25},"end":{"line":243,"column":38}},{"start":{"line":243,"column":44},"end":{"line":243,"column":46}}],"line":243},"36":{"loc":{"start":{"line":245,"column":25},"end":{"line":245,"column":46}},"type":"binary-expr","locations":[{"start":{"line":245,"column":25},"end":{"line":245,"column":38}},{"start":{"line":245,"column":44},"end":{"line":245,"column":46}}],"line":245},"37":{"loc":{"start":{"line":246,"column":25},"end":{"line":246,"column":46}},"type":"binary-expr","locations":[{"start":{"line":246,"column":25},"end":{"line":246,"column":40}},{"start":{"line":246,"column":44},"end":{"line":246,"column":46}}],"line":246},"38":{"loc":{"start":{"line":247,"column":25},"end":{"line":247,"column":46}},"type":"binary-expr","locations":[{"start":{"line":247,"column":25},"end":{"line":247,"column":31}},{"start":{"line":247,"column":44},"end":{"line":247,"column":46}}],"line":247},"39":{"loc":{"start":{"line":248,"column":25},"end":{"line":248,"column":46}},"type":"binary-expr","locations":[{"start":{"line":248,"column":25},"end":{"line":248,"column":36}},{"start":{"line":248,"column":44},"end":{"line":248,"column":46}}],"line":248}},"s":{"0":0,"1":0,"2":0,"3":0,"4":0,"5":0,"6":0,"7":0,"8":0,"9":0,"10":0,"11":0,"12":0,"13":0,"14":0,"15":0,"16":0,"17":0,"18":0,"19":0,"20":0,"21":0,"22":0,"23":0,"24":0,"25":0,"26":0,"27":0,"28":0,"29":0,"30":0,"31":0,"32":0,"33":0,"34":0,"35":0,"36":0,"37":0,"38":0,"39":0,"40":0,"41":0,"42":0,"43":0,"44":0,"45":0,"46":0,"47":0,"48":0,"49":0,"50":0,"51":0,"52":0,"53":0,"54":0,"55":0,"56":0,"57":0,"58":0,"59":0,"60":0,"61":0,"62":0,"63":0,"64":0,"65":0,"66":0,"67":0,"68":0,"69":0,"70":0,"71":0,"72":0,"73":0,"74":0,"75":0,"76":0,"77":0,"78":0,"79":0,"80":0,"81":0,"82":0,"83":0,"84":0,"85":0,"86":0,"87":0,"88":0,"89":0,"90":0,"91":0,"92":0,"93":0},"f":{"0":0,"1":0,"2":0,"3":0,"4":0,"5":0,"6":0,"7":0,"8":0,"9":0,"10":0,"11":0},"b":{"0":[0,0],"1":[0,0],"2":[0,0],"3":[0,0],"4":[0,0],"5":[0,0],"6":[0,0],"7":[0,0],"8":[0,0],"9":[0,0],"10":[0,0,0],"11":[0,0],"12":[0,0],"13":[0,0],"14":[0,0],"15":[0,0],"16":[0,0],"17":[0,0],"18":[0,0],"19":[0,0],"20":[0,0],"21":[0,0],"22":[0,0],"23":[0,0],"24":[0,0],"25":[0,0],"26":[0,0],"27":[0,0],"28":[0,0],"29":[0,0],"30":[0,0],"31":[0,0],"32":[0,0],"33":[0,0],"34":[0,0],"35":[0,0],"36":[0,0],"37":[0,0],"38":[0,0],"39":[0,0]}}
,"C:\\Users\\DAVID\\repo\\agoraargentina.org\\scripts\\pdfGenerator.js": {"path":"C:\\Users\\DAVID\\repo\\agoraargentina.org\\scripts\\pdfGenerator.js","statementMap":{"0":{"start":{"line":10,"column":2},"end":{"line":10,"column":51}},"1":{"start":{"line":10,"column":18},"end":{"line":10,"column":51}},"2":{"start":{"line":11,"column":18},"end":{"line":11,"column":42}},"3":{"start":{"line":12,"column":2},"end":{"line":23,"column":3}},"4":{"start":{"line":13,"column":17},"end":{"line":13,"column":40}},"5":{"start":{"line":14,"column":4},"end":{"line":14,"column":63}},"6":{"start":{"line":15,"column":19},"end":{"line":19,"column":6}},"7":{"start":{"line":20,"column":4},"end":{"line":20,"column":18}},"8":{"start":{"line":22,"column":4},"end":{"line":22,"column":26}},"9":{"start":{"line":26,"column":0},"end":{"line":26,"column":41}}},"fnMap":{"0":{"name":"generarPdfAccesible","decl":{"start":{"line":9,"column":15},"end":{"line":9,"column":34}},"loc":{"start":{"line":9,"column":63},"end":{"line":24,"column":1}},"line":9}},"branchMap":{"0":{"loc":{"start":{"line":9,"column":41},"end":{"line":9,"column":50}},"type":"default-arg","locations":[{"start":{"line":9,"column":48},"end":{"line":9,"column":50}}],"line":9},"1":{"loc":{"start":{"line":10,"column":2},"end":{"line":10,"column":51}},"type":"if","locations":[{"start":{"line":10,"column":2},"end":{"line":10,"column":51}},{"start":{},"end":{}}],"line":10},"2":{"loc":{"start":{"line":17,"column":14},"end":{"line":17,"column":33}},"type":"binary-expr","locations":[{"start":{"line":17,"column":14},"end":{"line":17,"column":25}},{"start":{"line":17,"column":29},"end":{"line":17,"column":33}}],"line":17},"3":{"loc":{"start":{"line":18,"column":17},"end":{"line":18,"column":40}},"type":"binary-expr","locations":[{"start":{"line":18,"column":17},"end":{"line":18,"column":31}},{"start":{"line":18,"column":35},"end":{"line":18,"column":40}}],"line":18}},"s":{"0":7,"1":0,"2":7,"3":7,"4":7,"5":7,"6":7,"7":6,"8":7,"9":2},"f":{"0":7},"b":{"0":[0],"1":[0,7],"2":[7,5],"3":[7,6]},"_coverageSchema":"1a1c01bbd47fc00a2c39e90264f33305004495a9","hash":"5bd290fb134896529ef517ece4b49aef28f4dfb5"}
}
