TN:
SF:controller\informesController.js
FN:7,(anonymous_0)
FN:12,(anonymous_1)
FN:28,(anonymous_2)
FN:36,(anonymous_3)
FN:60,(anonymous_4)
FN:81,(anonymous_5)
FN:94,(anonymous_6)
FN:124,(anonymous_7)
FN:141,(anonymous_8)
FN:151,(anonymous_9)
FN:160,(anonymous_10)
FN:196,_extraerDatos
FNF:12
FNH:0
FNDA:0,(anonymous_0)
FNDA:0,(anonymous_1)
FNDA:0,(anonymous_2)
FNDA:0,(anonymous_3)
FNDA:0,(anonymous_4)
FNDA:0,(anonymous_5)
FNDA:0,(anonymous_6)
FNDA:0,(anonymous_7)
FNDA:0,(anonymous_8)
FNDA:0,(anonymous_9)
FNDA:0,(anonymous_10)
FNDA:0,_extraerDatos
DA:1,0
DA:2,0
DA:4,0
DA:8,0
DA:9,0
DA:12,0
DA:14,0
DA:22,0
DA:23,0
DA:29,0
DA:37,0
DA:38,0
DA:40,0
DA:41,0
DA:44,0
DA:50,0
DA:51,0
DA:54,0
DA:55,0
DA:61,0
DA:62,0
DA:63,0
DA:65,0
DA:67,0
DA:68,0
DA:69,0
DA:72,0
DA:74,0
DA:81,0
DA:87,0
DA:88,0
DA:95,0
DA:96,0
DA:97,0
DA:98,0
DA:99,0
DA:101,0
DA:102,0
DA:103,0
DA:104,0
DA:107,0
DA:109,0
DA:114,0
DA:115,0
DA:118,0
DA:119,0
DA:125,0
DA:126,0
DA:127,0
DA:129,0
DA:131,0
DA:132,0
DA:135,0
DA:136,0
DA:142,0
DA:143,0
DA:144,0
DA:146,0
DA:147,0
DA:150,0
DA:151,0
DA:152,0
DA:153,0
DA:155,0
DA:157,0
DA:160,0
DA:161,0
DA:162,0
DA:163,0
DA:166,0
DA:167,0
DA:169,0
DA:176,0
DA:177,0
DA:178,0
DA:179,0
DA:181,0
DA:182,0
DA:187,0
DA:188,0
DA:207,0
DA:209,0
DA:210,0
DA:211,0
DA:212,0
DA:213,0
DA:216,0
DA:217,0
DA:218,0
DA:220,0
DA:223,0
DA:252,0
LF:92
LH:0
BRDA:18,0,0,0
BRDA:18,0,1,0
BRDA:19,1,0,0
BRDA:19,1,1,0
BRDA:40,2,0,0
BRDA:40,2,1,0
BRDA:40,3,0,0
BRDA:40,3,1,0
BRDA:67,4,0,0
BRDA:67,4,1,0
BRDA:80,5,0,0
BRDA:80,5,1,0
BRDA:83,6,0,0
BRDA:83,6,1,0
BRDA:102,7,0,0
BRDA:102,7,1,0
BRDA:147,8,0,0
BRDA:147,8,1,0
BRDA:152,9,0,0
BRDA:152,9,1,0
BRDA:152,10,0,0
BRDA:152,10,1,0
BRDA:152,10,2,0
BRDA:161,11,0,0
BRDA:161,11,1,0
BRDA:169,12,0,0
BRDA:169,12,1,0
BRDA:181,13,0,0
BRDA:181,13,1,0
BRDA:181,14,0,0
BRDA:181,14,1,0
BRDA:212,15,0,0
BRDA:212,15,1,0
BRDA:218,16,0,0
BRDA:218,16,1,0
BRDA:224,17,0,0
BRDA:224,17,1,0
BRDA:225,18,0,0
BRDA:225,18,1,0
BRDA:226,19,0,0
BRDA:226,19,1,0
BRDA:227,20,0,0
BRDA:227,20,1,0
BRDA:228,21,0,0
BRDA:228,21,1,0
BRDA:229,22,0,0
BRDA:229,22,1,0
BRDA:230,23,0,0
BRDA:230,23,1,0
BRDA:231,24,0,0
BRDA:231,24,1,0
BRDA:232,25,0,0
BRDA:232,25,1,0
BRDA:233,26,0,0
BRDA:233,26,1,0
BRDA:234,27,0,0
BRDA:234,27,1,0
BRDA:235,28,0,0
BRDA:235,28,1,0
BRDA:236,29,0,0
BRDA:236,29,1,0
BRDA:237,30,0,0
BRDA:237,30,1,0
BRDA:238,31,0,0
BRDA:238,31,1,0
BRDA:239,32,0,0
BRDA:239,32,1,0
BRDA:241,33,0,0
BRDA:241,33,1,0
BRDA:242,34,0,0
BRDA:242,34,1,0
BRDA:243,35,0,0
BRDA:243,35,1,0
BRDA:245,36,0,0
BRDA:245,36,1,0
BRDA:246,37,0,0
BRDA:246,37,1,0
BRDA:247,38,0,0
BRDA:247,38,1,0
BRDA:248,39,0,0
BRDA:248,39,1,0
BRF:81
BRH:0
end_of_record
TN:
SF:scripts\pdfGenerator.js
FN:9,generarPdfAccesible
FNF:1
FNH:1
FNDA:7,generarPdfAccesible
DA:10,7
DA:11,7
DA:12,7
DA:13,7
DA:14,7
DA:15,7
DA:20,6
DA:22,7
DA:26,2
LF:9
LH:9
BRDA:9,0,0,0
BRDA:10,1,0,0
BRDA:10,1,1,7
BRDA:17,2,0,7
BRDA:17,2,1,5
BRDA:18,3,0,7
BRDA:18,3,1,6
BRF:7
BRH:5
end_of_record
